0 info it worked if it ends with ok
1 verbose cli [ '/Users/greg/.nvm/versions/node/v4.4.7/bin/node',
1 verbose cli   '/Users/greg/.nvm/versions/node/v4.4.7/bin/npm',
1 verbose cli   'install' ]
2 info using npm@2.15.8
3 info using node@v4.4.7
4 verbose config Skipping project config: /Users/greg/.npmrc. (matches userconfig)
5 verbose readDependencies loading dependencies from /Users/greg/package.json
6 error install Couldn't read dependencies
7 verbose stack Error: ENOENT: no such file or directory, open '/Users/greg/package.json'
7 verbose stack     at Error (native)
8 verbose cwd /Users/greg/projects/rails/apptguru
9 error Darwin 16.0.0
10 error argv "/Users/greg/.nvm/versions/node/v4.4.7/bin/node" "/Users/greg/.nvm/versions/node/v4.4.7/bin/npm" "install"
11 error node v4.4.7
12 error npm  v2.15.8
13 error path /Users/greg/package.json
14 error code ENOPACKAGEJSON
15 error errno -2
16 error syscall open
17 error package.json ENOENT: no such file or directory, open '/Users/greg/package.json'
17 error package.json This is most likely not a problem with npm itself.
17 error package.json npm can't find a package.json file in your current directory.
18 verbose exit [ -2, true ]
